TN:
SF:src\App.js
FN:3,getMatrixCommand
FN:8,getCarCommand
FN:13,getMovementCommands
FN:18,createMatrix
FN:25,createCarAt
FN:34,moveCar
FN:36,(anonymous_6)
FN:55,executeCommandLines
FNF:8
FNH:8
FNDA:4,getMatrixCommand
FNDA:4,getCarCommand
FNDA:4,getMovementCommands
FNDA:4,createMatrix
FNDA:4,createCarAt
FNDA:20,moveCar
FNDA:76,(anonymous_6)
FNDA:3,executeCommandLines
DA:4,4
DA:5,4
DA:9,4
DA:10,4
DA:14,4
DA:15,4
DA:19,4
DA:20,4
DA:22,4
DA:26,4
DA:27,4
DA:28,4
DA:29,4
DA:30,4
DA:31,4
DA:35,20
DA:36,20
DA:37,76
DA:39,48
DA:40,48
DA:42,12
DA:43,12
DA:45,9
DA:46,9
DA:48,7
DA:49,7
DA:52,20
DA:56,3
DA:57,3
DA:58,3
DA:59,3
DA:60,3
DA:61,3
DA:62,3
LF:34
LH:34
BRDA:37,0,0,48
BRDA:37,0,1,12
BRDA:37,0,2,9
BRDA:37,0,3,7
BRF:4
BRH:4
end_of_record
TN:
SF:src\Car.js
FN:2,(anonymous_0)
FN:9,(anonymous_1)
FN:14,(anonymous_2)
FN:31,(anonymous_3)
FN:48,(anonymous_4)
FN:52,(anonymous_5)
FN:81,(anonymous_6)
FNF:7
FNH:7
FNDA:23,(anonymous_0)
FNDA:21,(anonymous_1)
FNDA:12,(anonymous_2)
FNDA:9,(anonymous_3)
FNDA:52,(anonymous_4)
FNDA:48,(anonymous_5)
FNDA:7,(anonymous_6)
DA:3,23
DA:4,23
DA:5,23
DA:6,23
DA:10,21
DA:11,21
DA:15,12
DA:17,3
DA:18,3
DA:20,2
DA:21,2
DA:23,5
DA:24,5
DA:26,2
DA:27,2
DA:32,9
DA:34,6
DA:35,6
DA:37,1
DA:38,1
DA:40,1
DA:41,1
DA:43,1
DA:44,1
DA:49,52
DA:53,48
DA:55,18
DA:56,18
DA:57,18
DA:59,18
DA:61,9
DA:62,9
DA:63,9
DA:65,9
DA:67,15
DA:68,15
DA:69,13
DA:71,15
DA:73,6
DA:74,6
DA:75,6
DA:77,6
DA:82,7
DA:83,4
DA:84,4
DA:85,2
LF:46
LH:46
BRDA:15,0,0,3
BRDA:15,0,1,2
BRDA:15,0,2,5
BRDA:15,0,3,2
BRDA:32,1,0,6
BRDA:32,1,1,1
BRDA:32,1,2,1
BRDA:32,1,3,1
BRDA:49,2,0,52
BRDA:49,2,1,52
BRDA:49,2,2,50
BRDA:49,2,3,50
BRDA:52,3,0,48
BRDA:53,4,0,18
BRDA:53,4,1,9
BRDA:53,4,2,15
BRDA:53,4,3,6
BRDA:56,5,0,18
BRDA:56,5,1,0
BRDA:62,6,0,9
BRDA:62,6,1,0
BRDA:68,7,0,13
BRDA:68,7,1,2
BRDA:74,8,0,6
BRDA:74,8,1,0
BRDA:82,9,0,4
BRDA:82,9,1,3
BRDA:84,10,0,2
BRDA:84,10,1,2
BRF:29
BRH:26
end_of_record
